Performing C SOURCE FILE Test C_SUPPORTS_WMISSING_VARIABLE_DECLARATIONS failed with the following output:
Change Dir: /home/pi/st-link_flasher/stlink_flash_rasp/stlink/CMakeFiles/CMakeTmp

Run Build Command(s):/usr/bin/make cmTC_bdeab/fast && /usr/bin/make -f CMakeFiles/cmTC_bdeab.dir/build.make CMakeFiles/cmTC_bdeab.dir/build
make[1]: Entering directory '/home/pi/st-link_flasher/stlink_flash_rasp/stlink/CMakeFiles/CMakeTmp'
Building C object CMakeFiles/cmTC_bdeab.dir/src.c.o
/usr/bin/cc   -std=gnu11 -std=gnu18 -Wall -Wextra -Wshadow -D_FORTIFY_SOURCE=2 -fstrict-aliasing -Wundef -Wformat -Wformat-security -Wmaybe-uninitialized -DC_SUPPORTS_WMISSING_VARIABLE_DECLARATIONS   -Wmissing-variable-declarations -o CMakeFiles/cmTC_bdeab.dir/src.c.o   -c /home/pi/st-link_flasher/stlink_flash_rasp/stlink/CMakeFiles/CMakeTmp/src.c
cc: error: unrecognized command line option '-Wmissing-variable-declarations'; did you mean '-Wmissing-declarations'?
make[1]: *** [CMakeFiles/cmTC_bdeab.dir/build.make:66: CMakeFiles/cmTC_bdeab.dir/src.c.o] Error 1
make[1]: Leaving directory '/home/pi/st-link_flasher/stlink_flash_rasp/stlink/CMakeFiles/CMakeTmp'
make: *** [Makefile:121: cmTC_bdeab/fast] Error 2


Source file was:
int main(void) { return 0; }
Performing C SOURCE FILE Test C_SUPPORTS_WSHORTEN_64_TO_32 failed with the following output:
Change Dir: /home/pi/st-link_flasher/stlink_flash_rasp/stlink/CMakeFiles/CMakeTmp

Run Build Command(s):/usr/bin/make cmTC_377f4/fast && /usr/bin/make -f CMakeFiles/cmTC_377f4.dir/build.make CMakeFiles/cmTC_377f4.dir/build
make[1]: Entering directory '/home/pi/st-link_flasher/stlink_flash_rasp/stlink/CMakeFiles/CMakeTmp'
Building C object CMakeFiles/cmTC_377f4.dir/src.c.o
/usr/bin/cc   -std=gnu11 -std=gnu18 -Wall -Wextra -Wshadow -D_FORTIFY_SOURCE=2 -fstrict-aliasing -Wundef -Wformat -Wformat-security -Wmaybe-uninitialized -DC_SUPPORTS_WSHORTEN_64_TO_32   -Wshorten-64-to-32 -o CMakeFiles/cmTC_377f4.dir/src.c.o   -c /home/pi/st-link_flasher/stlink_flash_rasp/stlink/CMakeFiles/CMakeTmp/src.c
cc: error: unrecognized command line option '-Wshorten-64-to-32'
make[1]: *** [CMakeFiles/cmTC_377f4.dir/build.make:66: CMakeFiles/cmTC_377f4.dir/src.c.o] Error 1
make[1]: Leaving directory '/home/pi/st-link_flasher/stlink_flash_rasp/stlink/CMakeFiles/CMakeTmp'
make: *** [Makefile:121: cmTC_377f4/fast] Error 2


Source file was:
int main(void) { return 0; }
Determining if the function __stack_chk_fail exists in the ssp failed with the following output:
Change Dir: /home/pi/st-link_flasher/stlink_flash_rasp/stlink/CMakeFiles/CMakeTmp

Run Build Command(s):/usr/bin/make cmTC_e7155/fast && /usr/bin/make -f CMakeFiles/cmTC_e7155.dir/build.make CMakeFiles/cmTC_e7155.dir/build
make[1]: Entering directory '/home/pi/st-link_flasher/stlink_flash_rasp/stlink/CMakeFiles/CMakeTmp'
Building C object CMakeFiles/cmTC_e7155.dir/CheckFunctionExists.c.o
/usr/bin/cc   -std=gnu11 -std=gnu18 -Wall -Wextra -Wshadow -D_FORTIFY_SOURCE=2 -fstrict-aliasing -Wundef -Wformat -Wformat-security -Wmaybe-uninitialized -Wimplicit-function-declaration -Wredundant-decls -fPIC -O2 -Werror -DCHECK_FUNCTION_EXISTS=__stack_chk_fail   -o CMakeFiles/cmTC_e7155.dir/CheckFunctionExists.c.o   -c /usr/share/cmake-3.16/Modules/CheckFunctionExists.c
Linking C executable cmTC_e7155
/usr/bin/cmake -E cmake_link_script CMakeFiles/cmTC_e7155.dir/link.txt --verbose=1
/usr/bin/cc  -std=gnu11 -std=gnu18 -Wall -Wextra -Wshadow -D_FORTIFY_SOURCE=2 -fstrict-aliasing -Wundef -Wformat -Wformat-security -Wmaybe-uninitialized -Wimplicit-function-declaration -Wredundant-decls -fPIC -O2 -Werror -DCHECK_FUNCTION_EXISTS=__stack_chk_fail    CMakeFiles/cmTC_e7155.dir/CheckFunctionExists.c.o  -o cmTC_e7155  -lssp 
/usr/bin/ld: cannot find -lssp
collect2: error: ld returned 1 exit status
make[1]: *** [CMakeFiles/cmTC_e7155.dir/build.make:87: cmTC_e7155] Error 1
make[1]: Leaving directory '/home/pi/st-link_flasher/stlink_flash_rasp/stlink/CMakeFiles/CMakeTmp'
make: *** [Makefile:121: cmTC_e7155/fast] Error 2



